<?xml version="1.0" encoding="UTF-8"?>
<!-- Generated by org.testng.reporters.JUnitReportReporter -->
<testsuite skipped="1" hostname="DESKTOP-IREDREU" name="runner.RunnerTest" tests="1" failures="0" timestamp="2020-04-08T09:16:03 BST" time="0.145" errors="0">
  <testcase name="runScenario" time="0.145" classname="runner.RunnerTest">
    <skipped/>
  </testcase> <!-- runScenario -->
  <system-out/>
</testsuite> <!-- runner.RunnerTest -->
