<?xml version="1.0" encoding="UTF-8"?>
<!-- Generated by org.testng.reporters.JUnitReportReporter -->
<testsuite skipped="0" hostname="DESKTOP-IREDREU" name="runners.RunnerTest" tests="1" failures="0" timestamp="2020-04-07T20:44:50 BST" time="0.179" errors="0">
  <testcase name="feature" time="0.179" classname="runners.RunnerTest"/>
  <system-out/>
</testsuite> <!-- runners.RunnerTest -->
