<?xml version="1.0" encoding="UTF-8"?>
<!-- Generated by org.testng.reporters.JUnitReportReporter -->
<testsuite hostname="DESKTOP-IREDREU" name="utils.Context" tests="1" failures="0" timestamp="5 Apr 2020 09:19:56 GMT" time="4.920" errors="0">
  <testcase name="startBrowser" time="4.920" classname="utils.Context"/>
</testsuite> <!-- utils.Context -->
