<?xml version="1.0" encoding="UTF-8"?>
<!-- Generated by org.testng.reporters.JUnitReportReporter -->
<testsuite hostname="DESKTOP-IREDREU" name="runnerClasses.RunTest" tests="1" failures="0" timestamp="5 Apr 2020 09:26:57 GMT" time="0.075" errors="0">
  <testcase name="feature" time="0.075" classname="runnerClasses.RunTest"/>
</testsuite> <!-- runnerClasses.RunTest -->
